Determining if the pthread_create exist failed with the following output:
Change Dir: /home/robotica/motion_control/build/catkin_tools_prebuild/CMakeFiles/CMakeTmp

Run Build Command:"/usr/bin/make" "cmTC_f36cf/fast"
/usr/bin/make -f CMakeFiles/cmTC_f36cf.dir/build.make CMakeFiles/cmTC_f36cf.dir/build
make[1]: Entering directory '/home/robotica/motion_control/build/catkin_tools_prebuild/CMakeFiles/CMakeTmp'
Building C object CMakeFiles/cmTC_f36cf.dir/CheckSymbolExists.c.o
/usr/bin/cc    -o CMakeFiles/cmTC_f36cf.dir/CheckSymbolExists.c.o   -c /home/robotica/motion_control/build/catkin_tools_prebuild/CMakeFiles/CMakeTmp/CheckSymbolExists.c
Linking C executable cmTC_f36cf
/usr/bin/cmake -E cmake_link_script CMakeFiles/cmTC_f36cf.dir/link.txt --verbose=1
/usr/bin/cc      -rdynamic CMakeFiles/cmTC_f36cf.dir/CheckSymbolExists.c.o  -o cmTC_f36cf 
CMakeFiles/cmTC_f36cf.dir/CheckSymbolExists.c.o: In function `main':
CheckSymbolExists.c:(.text+0x1b): undefined reference to `pthread_create'
collect2: error: ld returned 1 exit status
CMakeFiles/cmTC_f36cf.dir/build.make:97: recipe for target 'cmTC_f36cf' failed
make[1]: *** [cmTC_f36cf] Error 1
make[1]: Leaving directory '/home/robotica/motion_control/build/catkin_tools_prebuild/CMakeFiles/CMakeTmp'
Makefile:126: recipe for target 'cmTC_f36cf/fast' failed
make: *** [cmTC_f36cf/fast] Error 2

File /home/robotica/motion_control/build/catkin_tools_prebuild/CMakeFiles/CMakeTmp/CheckSymbolExists.c:
/* */
#include <pthread.h>

int main(int argc, char** argv)
{
  (void)argv;
#ifndef pthread_create
  return ((int*)(&pthread_create))[argc];
#else
  (void)argc;
  return 0;
#endif
}

Determining if the function pthread_create exists in the pthreads failed with the following output:
Change Dir: /home/robotica/motion_control/build/catkin_tools_prebuild/CMakeFiles/CMakeTmp

Run Build Command:"/usr/bin/make" "cmTC_59c40/fast"
/usr/bin/make -f CMakeFiles/cmTC_59c40.dir/build.make CMakeFiles/cmTC_59c40.dir/build
make[1]: Entering directory '/home/robotica/motion_control/build/catkin_tools_prebuild/CMakeFiles/CMakeTmp'
Building C object CMakeFiles/cmTC_59c40.dir/CheckFunctionExists.c.o
/usr/bin/cc   -DCHECK_FUNCTION_EXISTS=pthread_create   -o CMakeFiles/cmTC_59c40.dir/CheckFunctionExists.c.o   -c /usr/share/cmake-3.10/Modules/CheckFunctionExists.c
Linking C executable cmTC_59c40
/usr/bin/cmake -E cmake_link_script CMakeFiles/cmTC_59c40.dir/link.txt --verbose=1
/usr/bin/cc  -DCHECK_FUNCTION_EXISTS=pthread_create    -rdynamic CMakeFiles/cmTC_59c40.dir/CheckFunctionExists.c.o  -o cmTC_59c40 -lpthreads 
/usr/bin/ld: cannot find -lpthreads
collect2: error: ld returned 1 exit status
CMakeFiles/cmTC_59c40.dir/build.make:97: recipe for target 'cmTC_59c40' failed
make[1]: *** [cmTC_59c40] Error 1
make[1]: Leaving directory '/home/robotica/motion_control/build/catkin_tools_prebuild/CMakeFiles/CMakeTmp'
Makefile:126: recipe for target 'cmTC_59c40/fast' failed
make: *** [cmTC_59c40/fast] Error 2


